current directory: /Users/apple/Documents/GitHub/study_rails/path/ruby/3.1.0/gems/ed25519-1.3.0/ext/ed25519_ref10
/Users/apple/.rbenv/versions/3.1.2/bin/ruby -I /Users/apple/.rbenv/versions/3.1.2/lib/ruby/3.1.0 -r ./siteconf20230730-7198-3o9p80.rb extconf.rb
creating Makefile

current directory: /Users/apple/Documents/GitHub/study_rails/path/ruby/3.1.0/gems/ed25519-1.3.0/ext/ed25519_ref10
make DESTDIR\= clean

current directory: /Users/apple/Documents/GitHub/study_rails/path/ruby/3.1.0/gems/ed25519-1.3.0/ext/ed25519_ref10
make DESTDIR\=
compiling ed25519_ref10.c
In file included from ed25519_ref10.c:1:
In file included from /Users/apple/.rbenv/versions/3.1.2/include/ruby-3.1.0/ruby.h:38:
In file included from /Users/apple/.rbenv/versions/3.1.2/include/ruby-3.1.0/ruby/ruby.h:26:
In file included from /Users/apple/.rbenv/versions/3.1.2/include/ruby-3.1.0/ruby/internal/anyargs.h:76:
/Users/apple/.rbenv/versions/3.1.2/include/ruby-3.1.0/ruby/internal/intern/class.h:289:60: warning: a function declaration without a prototype is deprecated in all versions of C [-Wstrict-prototypes]
void rb_define_method_id(VALUE klass, ID mid, VALUE (*func)(ANYARGS), int arity);
                                                           ^
                                                                   void
/Users/apple/.rbenv/versions/3.1.2/include/ruby-3.1.0/ruby/internal/intern/class.h:327:76: warning: a function declaration without a prototype is deprecated in all versions of C [-Wstrict-prototypes]
void rb_define_protected_method(VALUE klass, const char *mid, VALUE (*func)(ANYARGS), int arity);
                                                                           ^
                                                                                   void
/Users/apple/.rbenv/versions/3.1.2/include/ruby-3.1.0/ruby/internal/intern/class.h:340:74: warning: a function declaration without a prototype is deprecated in all versions of C [-Wstrict-prototypes]
void rb_define_private_method(VALUE klass, const char *mid, VALUE (*func)(ANYARGS), int arity);
                                                                         ^
                                                                                 void
/Users/apple/.rbenv/versions/3.1.2/include/ruby-3.1.0/ruby/internal/intern/class.h:353:73: warning: a function declaration without a prototype is deprecated in all versions of C [-Wstrict-prototypes]
void rb_define_singleton_method(VALUE obj, const char *mid, VALUE(*func)(ANYARGS), int arity);
                                                                        ^
                                                                                void
In file included from ed25519_ref10.c:1:
In file included from /Users/apple/.rbenv/versions/3.1.2/include/ruby-3.1.0/ruby.h:38:
In file included from /Users/apple/.rbenv/versions/3.1.2/include/ruby-3.1.0/ruby/ruby.h:26:
In file included from /Users/apple/.rbenv/versions/3.1.2/include/ruby-3.1.0/ruby/internal/anyargs.h:78:
/Users/apple/.rbenv/versions/3.1.2/include/ruby-3.1.0/ruby/internal/method.h:99:66: warning: a function declaration without a prototype is deprecated in all versions of C [-Wstrict-prototypes]
void rb_define_method(VALUE klass, const char *mid, VALUE (*func)(ANYARGS), int arity);
                                                                 ^
                                                                         void
/Users/apple/.rbenv/versions/3.1.2/include/ruby-3.1.0/ruby/internal/method.h:112:75: warning: a function declaration without a prototype is deprecated in all versions of C [-Wstrict-prototypes]
void rb_define_module_function(VALUE klass, const char *mid, VALUE (*func)(ANYARGS), int arity);
                                                                          ^
                                                                                  void
/Users/apple/.rbenv/versions/3.1.2/include/ruby-3.1.0/ruby/internal/method.h:124:62: warning: a function declaration without a prototype is deprecated in all versions of C [-Wstrict-prototypes]
void rb_define_global_function(const char *mid, VALUE (*func)(ANYARGS), int arity);
                                                             ^
                                                                     void
In file included from ed25519_ref10.c:1:
In file included from /Users/apple/.rbenv/versions/3.1.2/include/ruby-3.1.0/ruby.h:38:
In file included from /Users/apple/.rbenv/versions/3.1.2/include/ruby-3.1.0/ruby/ruby.h:26:
/Users/apple/.rbenv/versions/3.1.2/include/ruby-3.1.0/ruby/internal/anyargs.h:270:1: warning: a function declaration without a prototype is deprecated in all versions of C [-Wstrict-prototypes]
RBIMPL_ANYARGS_DECL(rb_define_singleton_method, VALUE, const char *)
^
/Users/apple/.rbenv/versions/3.1.2/include/ruby-3.1.0/ruby/internal/anyargs.h:251:73: note: expanded from macro 'RBIMPL_ANYARGS_DECL'
RBIMPL_ANYARGS_ATTRSET(sym) static void sym ## _m3(__VA_ARGS__, VALUE(*)(ANYARGS), int); \
                                                                        ^
/Users/apple/.rbenv/versions/3.1.2/include/ruby-3.1.0/ruby/internal/anyargs.h:271:1: warning: a function declaration without a prototype is deprecated in all versions of C [-Wstrict-prototypes]
RBIMPL_ANYARGS_DECL(rb_define_protected_method, VALUE, const char *)
^
/Users/apple/.rbenv/versions/3.1.2/include/ruby-3.1.0/ruby/internal/anyargs.h:251:73: note: expanded from macro 'RBIMPL_ANYARGS_DECL'
RBIMPL_ANYARGS_ATTRSET(sym) static void sym ## _m3(__VA_ARGS__, VALUE(*)(ANYARGS), int); \
                                                                        ^
/Users/apple/.rbenv/versions/3.1.2/include/ruby-3.1.0/ruby/internal/anyargs.h:272:1: warning: a function declaration without a prototype is deprecated in all versions of C [-Wstrict-prototypes]
RBIMPL_ANYARGS_DECL(rb_define_private_method, VALUE, const char *)
^
/Users/apple/.rbenv/versions/3.1.2/include/ruby-3.1.0/ruby/internal/anyargs.h:251:73: note: expanded from macro 'RBIMPL_ANYARGS_DECL'
RBIMPL_ANYARGS_ATTRSET(sym) static void sym ## _m3(__VA_ARGS__, VALUE(*)(ANYARGS), int); \
                                                                        ^
/Users/apple/.rbenv/versions/3.1.2/include/ruby-3.1.0/ruby/internal/anyargs.h:273:1: warning: a function declaration without a prototype is deprecated in all versions of C [-Wstrict-prototypes]
RBIMPL_ANYARGS_DECL(rb_define_module_function, VALUE, const char *)
^
/Users/apple/.rbenv/versions/3.1.2/include/ruby-3.1.0/ruby/internal/anyargs.h:251:73: note: expanded from macro 'RBIMPL_ANYARGS_DECL'
RBIMPL_ANYARGS_ATTRSET(sym) static void sym ## _m3(__VA_ARGS__, VALUE(*)(ANYARGS), int); \
                                                                        ^
/Users/apple/.rbenv/versions/3.1.2/include/ruby-3.1.0/ruby/internal/anyargs.h:274:1: warning: a function declaration without a prototype is deprecated in all versions of C [-Wstrict-prototypes]
RBIMPL_ANYARGS_DECL(rb_define_global_function, const char *)
^
/Users/apple/.rbenv/versions/3.1.2/include/ruby-3.1.0/ruby/internal/anyargs.h:251:73: note: expanded from macro 'RBIMPL_ANYARGS_DECL'
RBIMPL_ANYARGS_ATTRSET(sym) static void sym ## _m3(__VA_ARGS__, VALUE(*)(ANYARGS), int); \
                                                                        ^
/Users/apple/.rbenv/versions/3.1.2/include/ruby-3.1.0/ruby/internal/anyargs.h:275:1: warning: a function declaration without a prototype is deprecated in all versions of C [-Wstrict-prototypes]
RBIMPL_ANYARGS_DECL(rb_define_method_id, VALUE, ID)
^
/Users/apple/.rbenv/versions/3.1.2/include/ruby-3.1.0/ruby/internal/anyargs.h:251:73: note: expanded from macro 'RBIMPL_ANYARGS_DECL'
RBIMPL_ANYARGS_ATTRSET(sym) static void sym ## _m3(__VA_ARGS__, VALUE(*)(ANYARGS), int); \
                                                                        ^
/Users/apple/.rbenv/versions/3.1.2/include/ruby-3.1.0/ruby/internal/anyargs.h:276:1: warning: a function declaration without a prototype is deprecated in all versions of C [-Wstrict-prototypes]
RBIMPL_ANYARGS_DECL(rb_define_method, VALUE, const char *)
^
/Users/apple/.rbenv/versions/3.1.2/include/ruby-3.1.0/ruby/internal/anyargs.h:251:73: note: expanded from macro 'RBIMPL_ANYARGS_DECL'
RBIMPL_ANYARGS_ATTRSET(sym) static void sym ## _m3(__VA_ARGS__, VALUE(*)(ANYARGS), int); \
                                                                        ^
In file included from ed25519_ref10.c:1:
In file included from /Users/apple/.rbenv/versions/3.1.2/include/ruby-3.1.0/ruby.h:38:
In file included from /Users/apple/.rbenv/versions/3.1.2/include/ruby-3.1.0/ruby/ruby.h:28:
In file included from /Users/apple/.rbenv/versions/3.1.2/include/ruby-3.1.0/ruby/internal/core.h:29:
In file included from /Users/apple/.rbenv/versions/3.1.2/include/ruby-3.1.0/ruby/internal/core/rhash.h:33:
/Users/apple/.rbenv/versions/3.1.2/include/ruby-3.1.0/ruby/backward.h:18:56: warning: a function declaration without a prototype is deprecated in all versions of C [-Wstrict-prototypes]
RBIMPL_ATTR_DEPRECATED_SINCE(2.2) void rb_disable_super();
                                                       ^
                                                        void
/Users/apple/.rbenv/versions/3.1.2/include/ruby-3.1.0/ruby/backward.h:19:55: warning: a function declaration without a prototype is deprecated in all versions of C [-Wstrict-prototypes]
RBIMPL_ATTR_DEPRECATED_SINCE(2.2) void rb_enable_super();
                                                      ^
                                                       void
/Users/apple/.rbenv/versions/3.1.2/include/ruby-3.1.0/ruby/backward.h:22:56: warning: a function declaration without a prototype is deprecated in all versions of C [-Wstrict-prototypes]
RBIMPL_ATTR_DEPRECATED_SINCE(2.2) void rb_hash_iter_lev();
                                                       ^
                                                        void
/Users/apple/.rbenv/versions/3.1.2/include/ruby-3.1.0/ruby/backward.h:23:54: warning: a function declaration without a prototype is deprecated in all versions of C [-Wstrict-prototypes]
RBIMPL_ATTR_DEPRECATED_SINCE(2.2) void rb_hash_ifnone();
                                                     ^
                                                      void
/Users/apple/.rbenv/versions/3.1.2/include/ruby-3.1.0/ruby/backward.h:26:56: warning: a function declaration without a prototype is deprecated in all versions of C [-Wstrict-prototypes]
RBIMPL_ATTR_DEPRECATED_SINCE(2.2) void rb_str_associate();
                                                       ^
                                                        void
/Users/apple/.rbenv/versions/3.1.2/include/ruby-3.1.0/ruby/backward.h:27:57: warning: a function declaration without a prototype is deprecated in all versions of C [-Wstrict-prototypes]
RBIMPL_ATTR_DEPRECATED_SINCE(2.2) void rb_str_associated();
                                                        ^
                                                         void
/Users/apple/.rbenv/versions/3.1.2/include/ruby-3.1.0/ruby/backward.h:30:51: warning: a function declaration without a prototype is deprecated in all versions of C [-Wstrict-prototypes]
RBIMPL_ATTR_DEPRECATED_SINCE(2.5) void rb_autoload();
                                                  ^
                                                   void
/Users/apple/.rbenv/versions/3.1.2/include/ruby-3.1.0/ruby/backward.h:33:60: warning: a function declaration without a prototype is deprecated in all versions of C [-Wstrict-prototypes]
RBIMPL_ATTR_DEPRECATED_INTERNAL(2.6) void rb_frozen_class_p();
                                                           ^
                                                            void
/Users/apple/.rbenv/versions/3.1.2/include/ruby-3.1.0/ruby/backward.h:34:59: warning: a function declaration without a prototype is deprecated in all versions of C [-Wstrict-prototypes]
RBIMPL_ATTR_DEPRECATED_INTERNAL(2.7) void rb_exec_end_proc();
                                                          ^
                                                           void
/Users/apple/.rbenv/versions/3.1.2/include/ruby-3.1.0/ruby/backward.h:37:59: warning: a function declaration without a prototype is deprecated in all versions of C [-Wstrict-prototypes]
RBIMPL_ATTR_DEPRECATED_INTERNAL(2.3) void rb_compile_error();
                                                          ^
                                                           void
/Users/apple/.rbenv/versions/3.1.2/include/ruby-3.1.0/ruby/backward.h:38:68: warning: a function declaration without a prototype is deprecated in all versions of C [-Wstrict-prototypes]
RBIMPL_ATTR_DEPRECATED_INTERNAL(2.3) void rb_compile_error_with_enc();
                                                                   ^
                                                                    void
/Users/apple/.rbenv/versions/3.1.2/include/ruby-3.1.0/ruby/backward.h:39:66: warning: a function declaration without a prototype is deprecated in all versions of C [-Wstrict-prototypes]
RBIMPL_ATTR_DEPRECATED_INTERNAL(2.3) void rb_compile_error_append();
                                                                 ^
                                                                  void
/Users/apple/.rbenv/versions/3.1.2/include/ruby-3.1.0/ruby/backward.h:42:71: warning: a function declaration without a prototype is deprecated in all versions of C [-Wstrict-prototypes]
RBIMPL_ATTR_DEPRECATED_INTERNAL(2.7) void rb_gc_call_finalizer_at_exit();
                                                                      ^
                                                                       void
/Users/apple/.rbenv/versions/3.1.2/include/ruby-3.1.0/ruby/backward.h:45:55: warning: a function declaration without a prototype is deprecated in all versions of C [-Wstrict-prototypes]
RBIMPL_ATTR_DEPRECATED_INTERNAL(2.7) void rb_trap_exit();
                                                      ^
                                                       void
/Users/apple/.rbenv/versions/3.1.2/include/ruby-3.1.0/ruby/backward.h:48:56: warning: a function declaration without a prototype is deprecated in all versions of C [-Wstrict-prototypes]
RBIMPL_ATTR_DEPRECATED_INTERNAL(2.4) void rb_struct_ptr();
                                                       ^
                                                        void
/Users/apple/.rbenv/versions/3.1.2/include/ruby-3.1.0/ruby/backward.h:51:62: warning: a function declaration without a prototype is deprecated in all versions of C [-Wstrict-prototypes]
RBIMPL_ATTR_DEPRECATED_INTERNAL(2.7) void rb_clear_trace_func();
                                                             ^
                                                              void
/Users/apple/.rbenv/versions/3.1.2/include/ruby-3.1.0/ruby/backward.h:54:64: warning: a function declaration without a prototype is deprecated in all versions of C [-Wstrict-prototypes]
RBIMPL_ATTR_DEPRECATED_INTERNAL(2.7) void rb_generic_ivar_table();
                                                               ^
                                                                void
ed25519_ref10.c:12:24: warning: a function declaration without a prototype is deprecated in all versions of C [-Wstrict-prototypes]
void Init_ed25519_ref10()
                       ^
                        void
32 warnings generated.
compiling fe.c
compiling ge.c
compiling keypair.c
compiling open.c
compiling sc_muladd.c
compiling sc_reduce.c
compiling sha512.c
compiling sign.c
compiling verify.c
linking shared-object ed25519_ref10.bundle

current directory: /Users/apple/Documents/GitHub/study_rails/path/ruby/3.1.0/gems/ed25519-1.3.0/ext/ed25519_ref10
make DESTDIR\= install
/usr/bin/install -c -m 0755 ed25519_ref10.bundle ./.gem.20230730-7198-u7ia8t
